<?xml version="1.0" encoding="utf-8"?>
<outputLog>
  <ApplicationId>c2588a19-32f0-4fc2-810e-527072187303</ApplicationId>
  <FileLogs>
    <FileLog>
      <ProjectId>3918a2d8-ee65-4f17-bcab-1c39774eb7e1</ProjectId>
      <CorrelationId>Qbic.Solution.SolutionGitAttributes</CorrelationId>
      <OverwriteBehaviour>always</OverwriteBehaviour>
      <ApplicationRelativeFilePath>../../.gitattributes</ApplicationRelativeFilePath>
      <ProjectRelativeFilePath>./../.gitattributes</ProjectRelativeFilePath>
      <IsIgnored>false</IsIgnored>
    </FileLog>
    <FileLog>
      <ProjectId>3918a2d8-ee65-4f17-bcab-1c39774eb7e1</ProjectId>
      <CorrelationId>Qbic.Solution.SolutionGitIgnore</CorrelationId>
      <OverwriteBehaviour>always</OverwriteBehaviour>
      <ApplicationRelativeFilePath>../../.gitignore</ApplicationRelativeFilePath>
      <ProjectRelativeFilePath>./../.gitignore</ProjectRelativeFilePath>
      <IsIgnored>false</IsIgnored>
    </FileLog>
    <FileLog>
      <ProjectId>3918a2d8-ee65-4f17-bcab-1c39774eb7e1</ProjectId>
      <CorrelationId>Qbic.DevOps.OctopusV2.ProjectsJson</CorrelationId>
      <OverwriteBehaviour>always</OverwriteBehaviour>
      <ApplicationRelativeFilePath>../../.octopus/mastermind.projects.json</ApplicationRelativeFilePath>
      <ProjectRelativeFilePath>./../.octopus/mastermind.projects.json</ProjectRelativeFilePath>
      <IsIgnored>false</IsIgnored>
    </FileLog>
    <FileLog>
      <ProjectId>3918a2d8-ee65-4f17-bcab-1c39774eb7e1</ProjectId>
      <CorrelationId>Qbic.DevOps.OctopusV2.DeploymentProcess#d9b97048-8157-4c6e-beab-110a410013df</CorrelationId>
      <OverwriteBehaviour>always</OverwriteBehaviour>
      <ApplicationRelativeFilePath>../../.octopus/Mastermind/deployment_process.ocl</ApplicationRelativeFilePath>
      <ProjectRelativeFilePath>./../.octopus/Mastermind/deployment_process.ocl</ProjectRelativeFilePath>
      <IsIgnored>false</IsIgnored>
    </FileLog>
    <FileLog>
      <ProjectId>3918a2d8-ee65-4f17-bcab-1c39774eb7e1</ProjectId>
      <CorrelationId>Qbic.DevOps.OctopusV2.DeploymentSettings#d9b97048-8157-4c6e-beab-110a410013df</CorrelationId>
      <OverwriteBehaviour>overwrite-disabled</OverwriteBehaviour>
      <ApplicationRelativeFilePath>../../.octopus/Mastermind/deployment_settings.ocl</ApplicationRelativeFilePath>
      <ProjectRelativeFilePath>./../.octopus/Mastermind/deployment_settings.ocl</ProjectRelativeFilePath>
      <IsIgnored>false</IsIgnored>
    </FileLog>
    <FileLog>
      <ProjectId>3918a2d8-ee65-4f17-bcab-1c39774eb7e1</ProjectId>
      <CorrelationId>Qbic.DevOps.OctopusV2.SchemaVersion#d9b97048-8157-4c6e-beab-110a410013df</CorrelationId>
      <OverwriteBehaviour>always</OverwriteBehaviour>
      <ApplicationRelativeFilePath>../../.octopus/Mastermind/schema_version.ocl</ApplicationRelativeFilePath>
      <ProjectRelativeFilePath>./../.octopus/Mastermind/schema_version.ocl</ProjectRelativeFilePath>
      <IsIgnored>false</IsIgnored>
    </FileLog>
    <FileLog>
      <ProjectId>3918a2d8-ee65-4f17-bcab-1c39774eb7e1</ProjectId>
      <CorrelationId>Qbic.DevOps.OctopusV2.Variables#d9b97048-8157-4c6e-beab-110a410013df</CorrelationId>
      <OverwriteBehaviour>overwrite-disabled</OverwriteBehaviour>
      <ApplicationRelativeFilePath>../../.octopus/Mastermind/variables.ocl</ApplicationRelativeFilePath>
      <ProjectRelativeFilePath>./../.octopus/Mastermind/variables.ocl</ProjectRelativeFilePath>
      <IsIgnored>false</IsIgnored>
    </FileLog>
    <FileLog>
      <ProjectId>3918a2d8-ee65-4f17-bcab-1c39774eb7e1</ProjectId>
      <CorrelationId>Qbic.DevOps.AzureDevopsV2.AzurePipeline#05bc6c44-83e7-4dea-ae44-1f1818a71428</CorrelationId>
      <OverwriteBehaviour>always</OverwriteBehaviour>
      <ApplicationRelativeFilePath>../../azure-pipelines.yml</ApplicationRelativeFilePath>
      <ProjectRelativeFilePath>../azure-pipelines.yml</ProjectRelativeFilePath>
      <IsIgnored>false</IsIgnored>
    </FileLog>
    <FileLog>
      <ProjectId>3918a2d8-ee65-4f17-bcab-1c39774eb7e1</ProjectId>
      <CorrelationId>Qbic.DevOps.Helm.ChartsGitIgnore</CorrelationId>
      <OverwriteBehaviour>always</OverwriteBehaviour>
      <ApplicationRelativeFilePath>../../charts/.gitignore</ApplicationRelativeFilePath>
      <ProjectRelativeFilePath>./../charts/.gitignore</ProjectRelativeFilePath>
      <IsIgnored>false</IsIgnored>
    </FileLog>
    <FileLog>
      <ProjectId>3918a2d8-ee65-4f17-bcab-1c39774eb7e1</ProjectId>
      <CorrelationId>Qbic.Solution.SolutionDockerIgnore</CorrelationId>
      <OverwriteBehaviour>always</OverwriteBehaviour>
      <ApplicationRelativeFilePath>../../src/.dockerignore</ApplicationRelativeFilePath>
      <ProjectRelativeFilePath>.dockerignore</ProjectRelativeFilePath>
      <IsIgnored>false</IsIgnored>
    </FileLog>
    <FileLog>
      <ProjectId>3918a2d8-ee65-4f17-bcab-1c39774eb7e1</ProjectId>
      <CorrelationId>Qbic.Solution.SolutionInfo</CorrelationId>
      <OverwriteBehaviour>always</OverwriteBehaviour>
      <ApplicationRelativeFilePath>../../src/.solutioninfo</ApplicationRelativeFilePath>
      <ProjectRelativeFilePath>.solutioninfo</ProjectRelativeFilePath>
      <IsIgnored>false</IsIgnored>
    </FileLog>
    <FileLog>
      <ProjectId>3918a2d8-ee65-4f17-bcab-1c39774eb7e1</ProjectId>
      <CorrelationId>Qbic.Solution.DirectoryBuildProps</CorrelationId>
      <OverwriteBehaviour>always</OverwriteBehaviour>
      <ApplicationRelativeFilePath>../../src/Directory.Build.props</ApplicationRelativeFilePath>
      <ProjectRelativeFilePath>Directory.Build.props</ProjectRelativeFilePath>
      <IsIgnored>false</IsIgnored>
    </FileLog>
    <FileLog>
      <CorrelationId>Intent.VisualStudio.Projects.DirectoryPackagesProps#22311807-29a2-4614-a20f-ef4c90cec689</CorrelationId>
      <OverwriteBehaviour>always</OverwriteBehaviour>
      <ApplicationRelativeFilePath>../../src/Directory.Packages.props</ApplicationRelativeFilePath>
      <IsIgnored>false</IsIgnored>
    </FileLog>
    <FileLog>
      <ProjectId>87e258fe-ca9b-4a17-92e8-0d9881c0e950</ProjectId>
      <CorrelationId>Qbic.Settings.RootFeaturesHelper</CorrelationId>
      <OverwriteBehaviour>overwrite-disabled</OverwriteBehaviour>
      <ApplicationRelativeFilePath>../../src/Mastermind.Contracts/ApplicationFeatures.cs</ApplicationRelativeFilePath>
      <ProjectRelativeFilePath>ApplicationFeatures.cs</ProjectRelativeFilePath>
      <IsIgnored>false</IsIgnored>
    </FileLog>
    <FileLog>
      <ProjectId>87e258fe-ca9b-4a17-92e8-0d9881c0e950</ProjectId>
      <CorrelationId>Qbic.Dtos.IDtoMarker</CorrelationId>
      <OverwriteBehaviour>always</OverwriteBehaviour>
      <ApplicationRelativeFilePath>../../src/Mastermind.Contracts/IDtoMarker.cs</ApplicationRelativeFilePath>
      <ProjectRelativeFilePath>IDtoMarker.cs</ProjectRelativeFilePath>
      <IsIgnored>false</IsIgnored>
    </FileLog>
    <FileLog>
      <ProjectId>87e258fe-ca9b-4a17-92e8-0d9881c0e950</ProjectId>
      <CorrelationId>Intent.VisualStudio.Projects.CSharpProject#87e258fe-ca9b-4a17-92e8-0d9881c0e950</CorrelationId>
      <OverwriteBehaviour>always</OverwriteBehaviour>
      <ApplicationRelativeFilePath>../../src/Mastermind.Contracts/Mastermind.Contracts.csproj</ApplicationRelativeFilePath>
      <ProjectRelativeFilePath>Mastermind.Contracts.csproj</ProjectRelativeFilePath>
      <IsIgnored>false</IsIgnored>
    </FileLog>
    <FileLog>
      <ProjectId>87e258fe-ca9b-4a17-92e8-0d9881c0e950</ProjectId>
      <CorrelationId>Qbic.Data.Contracts.DomainEnum#2351e0b4-f4cc-4df2-99da-d0150802a32c</CorrelationId>
      <OverwriteBehaviour>always</OverwriteBehaviour>
      <ApplicationRelativeFilePath>../../src/Mastermind.Contracts/StorageTypeEnum.cs</ApplicationRelativeFilePath>
      <ProjectRelativeFilePath>StorageTypeEnum.cs</ProjectRelativeFilePath>
      <IsIgnored>false</IsIgnored>
    </FileLog>
    <FileLog>
      <ProjectId>1e136d99-0a9e-4921-b932-ae60e1e7aaeb</ProjectId>
      <CorrelationId>Qbic.Data.Contracts.Entity#b434c7c3-04a8-4847-b768-68005aaefd4d</CorrelationId>
      <OverwriteBehaviour>always</OverwriteBehaviour>
      <ApplicationRelativeFilePath>../../src/Mastermind.Data/CategoryEntity.cs</ApplicationRelativeFilePath>
      <ProjectRelativeFilePath>CategoryEntity.cs</ProjectRelativeFilePath>
      <IsIgnored>false</IsIgnored>
    </FileLog>
    <FileLog>
      <ProjectId>1e136d99-0a9e-4921-b932-ae60e1e7aaeb</ProjectId>
      <CorrelationId>Qbic.Data.Module.EntityTypeConfiguration#b434c7c3-04a8-4847-b768-68005aaefd4d</CorrelationId>
      <OverwriteBehaviour>always</OverwriteBehaviour>
      <ApplicationRelativeFilePath>../../src/Mastermind.Data/Configuration/CategoryEntityConfiguration.cs</ApplicationRelativeFilePath>
      <ProjectRelativeFilePath>Configuration/CategoryEntityConfiguration.cs</ProjectRelativeFilePath>
      <IsIgnored>false</IsIgnored>
    </FileLog>
    <FileLog>
      <ProjectId>1e136d99-0a9e-4921-b932-ae60e1e7aaeb</ProjectId>
      <CorrelationId>Qbic.Data.Module.EntityTypeConfiguration#add87a20-c0ac-45c9-bd8d-9dc5710bab74</CorrelationId>
      <OverwriteBehaviour>always</OverwriteBehaviour>
      <ApplicationRelativeFilePath>../../src/Mastermind.Data/Configuration/ToyEntityConfiguration.cs</ApplicationRelativeFilePath>
      <ProjectRelativeFilePath>Configuration/ToyEntityConfiguration.cs</ProjectRelativeFilePath>
      <IsIgnored>false</IsIgnored>
    </FileLog>
    <FileLog>
      <ProjectId>1e136d99-0a9e-4921-b932-ae60e1e7aaeb</ProjectId>
      <CorrelationId>Qbic.Data.Module.DbContext#7b1366bf-b8b8-400c-b87e-b0292a114820</CorrelationId>
      <OverwriteBehaviour>always</OverwriteBehaviour>
      <ApplicationRelativeFilePath>../../src/Mastermind.Data/Context/MastermindDbContext.cs</ApplicationRelativeFilePath>
      <ProjectRelativeFilePath>Context/MastermindDbContext.cs</ProjectRelativeFilePath>
      <IsIgnored>false</IsIgnored>
    </FileLog>
    <FileLog>
      <ProjectId>1e136d99-0a9e-4921-b932-ae60e1e7aaeb</ProjectId>
      <CorrelationId>Qbic.Data.Module.DbContextInterface#7b1366bf-b8b8-400c-b87e-b0292a114820</CorrelationId>
      <OverwriteBehaviour>always</OverwriteBehaviour>
      <ApplicationRelativeFilePath>../../src/Mastermind.Data/IMastermindDbContext.cs</ApplicationRelativeFilePath>
      <ProjectRelativeFilePath>IMastermindDbContext.cs</ProjectRelativeFilePath>
      <IsIgnored>false</IsIgnored>
    </FileLog>
    <FileLog>
      <ProjectId>1e136d99-0a9e-4921-b932-ae60e1e7aaeb</ProjectId>
      <CorrelationId>Intent.VisualStudio.Projects.CSharpProject#1e136d99-0a9e-4921-b932-ae60e1e7aaeb</CorrelationId>
      <OverwriteBehaviour>always</OverwriteBehaviour>
      <ApplicationRelativeFilePath>../../src/Mastermind.Data/Mastermind.Data.csproj</ApplicationRelativeFilePath>
      <ProjectRelativeFilePath>Mastermind.Data.csproj</ProjectRelativeFilePath>
      <IsIgnored>false</IsIgnored>
    </FileLog>
    <FileLog>
      <ProjectId>1e136d99-0a9e-4921-b932-ae60e1e7aaeb</ProjectId>
      <CorrelationId>Qbic.Data.DomainPackageModuleV2#7b1366bf-b8b8-400c-b87e-b0292a114820</CorrelationId>
      <OverwriteBehaviour>always</OverwriteBehaviour>
      <ApplicationRelativeFilePath>../../src/Mastermind.Data/MastermindContextModule.cs</ApplicationRelativeFilePath>
      <ProjectRelativeFilePath>MastermindContextModule.cs</ProjectRelativeFilePath>
      <IsIgnored>false</IsIgnored>
    </FileLog>
    <FileLog>
      <ProjectId>1e136d99-0a9e-4921-b932-ae60e1e7aaeb</ProjectId>
      <CorrelationId>Qbic.Data.Contracts.Entity#add87a20-c0ac-45c9-bd8d-9dc5710bab74</CorrelationId>
      <OverwriteBehaviour>always</OverwriteBehaviour>
      <ApplicationRelativeFilePath>../../src/Mastermind.Data/ToyEntity.cs</ApplicationRelativeFilePath>
      <ProjectRelativeFilePath>ToyEntity.cs</ProjectRelativeFilePath>
      <IsIgnored>false</IsIgnored>
    </FileLog>
    <FileLog>
      <ProjectId>5922375e-f889-42fa-afc3-4acc2b5338a7</ProjectId>
      <CorrelationId>Intent.VisualStudio.Projects.CoreWeb.AppSettings-Debug#5922375e-f889-42fa-afc3-4acc2b5338a7</CorrelationId>
      <OverwriteBehaviour>always</OverwriteBehaviour>
      <ApplicationRelativeFilePath>../../src/Mastermind.EntityMigration/appsettings.Debug.json</ApplicationRelativeFilePath>
      <ProjectRelativeFilePath>appsettings.Debug.json</ProjectRelativeFilePath>
      <IsIgnored>false</IsIgnored>
    </FileLog>
    <FileLog>
      <ProjectId>5922375e-f889-42fa-afc3-4acc2b5338a7</ProjectId>
      <CorrelationId>Intent.VisualStudio.Projects.CoreWeb.AppSettings-Default#5922375e-f889-42fa-afc3-4acc2b5338a7</CorrelationId>
      <OverwriteBehaviour>always</OverwriteBehaviour>
      <ApplicationRelativeFilePath>../../src/Mastermind.EntityMigration/appsettings.json</ApplicationRelativeFilePath>
      <ProjectRelativeFilePath>appsettings.json</ProjectRelativeFilePath>
      <IsIgnored>false</IsIgnored>
    </FileLog>
    <FileLog>
      <ProjectId>5922375e-f889-42fa-afc3-4acc2b5338a7</ProjectId>
      <CorrelationId>Qbic.Data.EfMigrations.EfMigrationsReadMe</CorrelationId>
      <OverwriteBehaviour>always</OverwriteBehaviour>
      <ApplicationRelativeFilePath>../../src/Mastermind.EntityMigration/DbMigrationsReadMe.txt</ApplicationRelativeFilePath>
      <ProjectRelativeFilePath>DbMigrationsReadMe.txt</ProjectRelativeFilePath>
      <IsIgnored>false</IsIgnored>
    </FileLog>
    <FileLog>
      <ProjectId>5922375e-f889-42fa-afc3-4acc2b5338a7</ProjectId>
      <CorrelationId>Qbic.Host.DefaultApplicationSettings#5922375e-f889-42fa-afc3-4acc2b5338a7</CorrelationId>
      <OverwriteBehaviour>always</OverwriteBehaviour>
      <ApplicationRelativeFilePath>../../src/Mastermind.EntityMigration/DefaultSettings.cs</ApplicationRelativeFilePath>
      <ProjectRelativeFilePath>DefaultSettings.cs</ProjectRelativeFilePath>
      <IsIgnored>false</IsIgnored>
    </FileLog>
    <FileLog>
      <ProjectId>5922375e-f889-42fa-afc3-4acc2b5338a7</ProjectId>
      <CorrelationId>Qbic.Data.EfMigrations.IEfMigrationsMarker</CorrelationId>
      <OverwriteBehaviour>always</OverwriteBehaviour>
      <ApplicationRelativeFilePath>../../src/Mastermind.EntityMigration/IEfMigrationsMarker.cs</ApplicationRelativeFilePath>
      <ProjectRelativeFilePath>IEfMigrationsMarker.cs</ProjectRelativeFilePath>
      <IsIgnored>false</IsIgnored>
    </FileLog>
    <FileLog>
      <ProjectId>5922375e-f889-42fa-afc3-4acc2b5338a7</ProjectId>
      <CorrelationId>Intent.VisualStudio.Projects.CSharpProject#5922375e-f889-42fa-afc3-4acc2b5338a7</CorrelationId>
      <OverwriteBehaviour>always</OverwriteBehaviour>
      <ApplicationRelativeFilePath>../../src/Mastermind.EntityMigration/Mastermind.EntityMigration.csproj</ApplicationRelativeFilePath>
      <ProjectRelativeFilePath>Mastermind.EntityMigration.csproj</ProjectRelativeFilePath>
      <IsIgnored>false</IsIgnored>
    </FileLog>
    <FileLog>
      <ProjectId>5922375e-f889-42fa-afc3-4acc2b5338a7</ProjectId>
      <CorrelationId>Qbic.Host.ApplicationRootModule#5922375e-f889-42fa-afc3-4acc2b5338a7</CorrelationId>
      <OverwriteBehaviour>always</OverwriteBehaviour>
      <ApplicationRelativeFilePath>../../src/Mastermind.EntityMigration/MastermindEntityMigration.cs</ApplicationRelativeFilePath>
      <ProjectRelativeFilePath>MastermindEntityMigration.cs</ProjectRelativeFilePath>
      <IsIgnored>false</IsIgnored>
    </FileLog>
    <FileLog>
      <ProjectId>5922375e-f889-42fa-afc3-4acc2b5338a7</ProjectId>
      <CorrelationId>Qbic.Host.GeneratedProgram#5922375e-f889-42fa-afc3-4acc2b5338a7</CorrelationId>
      <OverwriteBehaviour>always</OverwriteBehaviour>
      <ApplicationRelativeFilePath>../../src/Mastermind.EntityMigration/Program.cs</ApplicationRelativeFilePath>
      <ProjectRelativeFilePath>Program.cs</ProjectRelativeFilePath>
      <IsIgnored>false</IsIgnored>
    </FileLog>
    <FileLog>
      <ProjectId>5922375e-f889-42fa-afc3-4acc2b5338a7</ProjectId>
      <CorrelationId>Intent.VisualStudio.Projects.CoreWeb.LaunchSettings#5922375e-f889-42fa-afc3-4acc2b5338a7</CorrelationId>
      <OverwriteBehaviour>always</OverwriteBehaviour>
      <ApplicationRelativeFilePath>../../src/Mastermind.EntityMigration/Properties/launchSettings.json</ApplicationRelativeFilePath>
      <ProjectRelativeFilePath>Properties/launchSettings.json</ProjectRelativeFilePath>
      <IsIgnored>false</IsIgnored>
    </FileLog>
    <FileLog>
      <ProjectId>162f466a-b462-4ce4-992d-8e97634f7c07</ProjectId>
      <CorrelationId>Qbic.Data.EfMigrations.SeedEnumerationLookups</CorrelationId>
      <OverwriteBehaviour>always</OverwriteBehaviour>
      <ApplicationRelativeFilePath>../../src/Mastermind.EntityMigration/Seed/SeedEnumerationLookups.cs</ApplicationRelativeFilePath>
      <ProjectRelativeFilePath>SeedEnumerationLookups.cs</ProjectRelativeFilePath>
      <IsIgnored>false</IsIgnored>
    </FileLog>
    <FileLog>
      <ProjectId>597dede6-b040-496e-93b9-40ca46065707</ProjectId>
      <CorrelationId>Intent.VisualStudio.Projects.CSharpProject#597dede6-b040-496e-93b9-40ca46065707</CorrelationId>
      <OverwriteBehaviour>always</OverwriteBehaviour>
      <ApplicationRelativeFilePath>../../src/Mastermind.Services/Mastermind.Services.csproj</ApplicationRelativeFilePath>
      <ProjectRelativeFilePath>Mastermind.Services.csproj</ProjectRelativeFilePath>
      <IsIgnored>false</IsIgnored>
    </FileLog>
    <FileLog>
      <ProjectId>597dede6-b040-496e-93b9-40ca46065707</ProjectId>
      <CorrelationId>Qbic.Services.ServicePackageModuleV2#f4d27fe4-45ff-4b06-bbc2-3912f7228ac1</CorrelationId>
      <OverwriteBehaviour>always</OverwriteBehaviour>
      <ApplicationRelativeFilePath>../../src/Mastermind.Services/MastermindRootModule.cs</ApplicationRelativeFilePath>
      <ProjectRelativeFilePath>MastermindRootModule.cs</ProjectRelativeFilePath>
      <IsIgnored>false</IsIgnored>
    </FileLog>
    <FileLog>
      <CorrelationId>Intent.VisualStudio.Projects.VisualStudioSolution#22311807-29a2-4614-a20f-ef4c90cec689</CorrelationId>
      <OverwriteBehaviour>always</OverwriteBehaviour>
      <ApplicationRelativeFilePath>../../src/Mastermind.sln</ApplicationRelativeFilePath>
      <IsIgnored>false</IsIgnored>
    </FileLog>
    <FileLog>
      <ProjectId>3a7be898-a3ef-4042-aba1-5de17626462a</ProjectId>
      <CorrelationId>Qbic.Tests.ITestsMarker</CorrelationId>
      <OverwriteBehaviour>always</OverwriteBehaviour>
      <ApplicationRelativeFilePath>../../src/Mastermind.Tests/ITestsMarker.cs</ApplicationRelativeFilePath>
      <ProjectRelativeFilePath>ITestsMarker.cs</ProjectRelativeFilePath>
      <IsIgnored>false</IsIgnored>
    </FileLog>
    <FileLog>
      <ProjectId>3a7be898-a3ef-4042-aba1-5de17626462a</ProjectId>
      <CorrelationId>Intent.VisualStudio.Projects.CSharpProject#3a7be898-a3ef-4042-aba1-5de17626462a</CorrelationId>
      <OverwriteBehaviour>always</OverwriteBehaviour>
      <ApplicationRelativeFilePath>../../src/Mastermind.Tests/Mastermind.Tests.csproj</ApplicationRelativeFilePath>
      <ProjectRelativeFilePath>Mastermind.Tests.csproj</ProjectRelativeFilePath>
      <IsIgnored>false</IsIgnored>
    </FileLog>
    <FileLog>
      <ProjectId>abd15a62-5676-4648-9302-364d23152415</ProjectId>
      <CorrelationId>Intent.VisualStudio.Projects.CoreWeb.AppSettings-Debug#abd15a62-5676-4648-9302-364d23152415</CorrelationId>
      <OverwriteBehaviour>always</OverwriteBehaviour>
      <ApplicationRelativeFilePath>../../src/Mastermind/appsettings.Debug.json</ApplicationRelativeFilePath>
      <ProjectRelativeFilePath>appsettings.Debug.json</ProjectRelativeFilePath>
      <IsIgnored>false</IsIgnored>
    </FileLog>
    <FileLog>
      <ProjectId>abd15a62-5676-4648-9302-364d23152415</ProjectId>
      <CorrelationId>Intent.VisualStudio.Projects.CoreWeb.AppSettings-Default#abd15a62-5676-4648-9302-364d23152415</CorrelationId>
      <OverwriteBehaviour>always</OverwriteBehaviour>
      <ApplicationRelativeFilePath>../../src/Mastermind/appsettings.json</ApplicationRelativeFilePath>
      <ProjectRelativeFilePath>appsettings.json</ProjectRelativeFilePath>
      <IsIgnored>false</IsIgnored>
    </FileLog>
    <FileLog>
      <ProjectId>abd15a62-5676-4648-9302-364d23152415</ProjectId>
      <CorrelationId>Qbic.Host.DefaultApplicationSettings#abd15a62-5676-4648-9302-364d23152415</CorrelationId>
      <OverwriteBehaviour>always</OverwriteBehaviour>
      <ApplicationRelativeFilePath>../../src/Mastermind/DefaultSettings.cs</ApplicationRelativeFilePath>
      <ProjectRelativeFilePath>DefaultSettings.cs</ProjectRelativeFilePath>
      <IsIgnored>false</IsIgnored>
    </FileLog>
    <FileLog>
      <ProjectId>abd15a62-5676-4648-9302-364d23152415</ProjectId>
      <CorrelationId>Intent.VisualStudio.Projects.CSharpProject#abd15a62-5676-4648-9302-364d23152415</CorrelationId>
      <OverwriteBehaviour>always</OverwriteBehaviour>
      <ApplicationRelativeFilePath>../../src/Mastermind/Mastermind.csproj</ApplicationRelativeFilePath>
      <ProjectRelativeFilePath>Mastermind.csproj</ProjectRelativeFilePath>
      <IsIgnored>false</IsIgnored>
    </FileLog>
    <FileLog>
      <ProjectId>abd15a62-5676-4648-9302-364d23152415</ProjectId>
      <CorrelationId>Qbic.Host.ApplicationRootModule#abd15a62-5676-4648-9302-364d23152415</CorrelationId>
      <OverwriteBehaviour>always</OverwriteBehaviour>
      <ApplicationRelativeFilePath>../../src/Mastermind/MastermindApi.cs</ApplicationRelativeFilePath>
      <ProjectRelativeFilePath>MastermindApi.cs</ProjectRelativeFilePath>
      <IsIgnored>false</IsIgnored>
    </FileLog>
    <FileLog>
      <ProjectId>abd15a62-5676-4648-9302-364d23152415</ProjectId>
      <CorrelationId>Qbic.Host.GeneratedProgram#abd15a62-5676-4648-9302-364d23152415</CorrelationId>
      <OverwriteBehaviour>always</OverwriteBehaviour>
      <ApplicationRelativeFilePath>../../src/Mastermind/Program.cs</ApplicationRelativeFilePath>
      <ProjectRelativeFilePath>Program.cs</ProjectRelativeFilePath>
      <IsIgnored>false</IsIgnored>
    </FileLog>
    <FileLog>
      <ProjectId>abd15a62-5676-4648-9302-364d23152415</ProjectId>
      <CorrelationId>Intent.VisualStudio.Projects.CoreWeb.LaunchSettings#abd15a62-5676-4648-9302-364d23152415</CorrelationId>
      <OverwriteBehaviour>always</OverwriteBehaviour>
      <ApplicationRelativeFilePath>../../src/Mastermind/Properties/launchSettings.json</ApplicationRelativeFilePath>
      <ProjectRelativeFilePath>Properties/launchSettings.json</ProjectRelativeFilePath>
      <IsIgnored>false</IsIgnored>
    </FileLog>
    <FileLog>
      <ProjectId>abd15a62-5676-4648-9302-364d23152415</ProjectId>
      <CorrelationId>Qbic.Solution.GenerateVersionsets#abd15a62-5676-4648-9302-364d23152415</CorrelationId>
      <OverwriteBehaviour>always</OverwriteBehaviour>
      <ApplicationRelativeFilePath>../../src/Mastermind/versionsets.json</ApplicationRelativeFilePath>
      <ProjectRelativeFilePath>versionsets.json</ProjectRelativeFilePath>
      <IsIgnored>false</IsIgnored>
    </FileLog>
    <FileLog>
      <ProjectId>3918a2d8-ee65-4f17-bcab-1c39774eb7e1</ProjectId>
      <CorrelationId>Qbic.Solution.SolutionNugetConfig</CorrelationId>
      <OverwriteBehaviour>always</OverwriteBehaviour>
      <ApplicationRelativeFilePath>../../src/nuget.config</ApplicationRelativeFilePath>
      <ProjectRelativeFilePath>nuget.config</ProjectRelativeFilePath>
      <IsIgnored>false</IsIgnored>
    </FileLog>
  </FileLogs>
</outputLog>